
> client@0.0.0 dev
> vite


  VITE v6.3.5  ready in 191 ms

  ➜  Local:   http://localhost:5173/
  ➜  Network: use --host to expose
10:23:38 AM [vite] (client) hmr update /src/views/JobDetail.vue
10:24:28 AM [vite] (client) hmr update /src/views/JobDetail.vue
10:24:44 AM [vite] (client) hmr update /src/views/JobDetail.vue
10:24:44 AM [vite] (client) ✨ new dependencies optimized: vant/es/pull-refresh/style/index
10:24:44 AM [vite] (client) ✨ optimized dependencies changed. reloading
10:24:58 AM [vite] (client) hmr update /src/views/JobDetail.vue?vue&type=style&index=0&scoped=6877da0d&lang.css
10:25:16 AM [vite] (client) hmr update /src/views/TalentDetail.vue
10:25:35 AM [vite] (client) hmr update /src/views/TalentDetail.vue
10:25:50 AM [vite] (client) hmr update /src/views/TalentDetail.vue
10:26:01 AM [vite] (client) hmr update /src/views/TalentDetail.vue?vue&type=style&index=0&scoped=fa5c6a17&lang.css
10:26:17 AM [vite] (client) hmr update /src/components/JobList.vue
10:26:25 AM [vite] (client) hmr update /src/components/JobList.vue
10:26:33 AM [vite] (client) hmr update /src/components/JobList.vue
10:26:52 AM [vite] (client) hmr update /src/components/PlazaList.vue
10:26:52 AM [vite] Internal server error: Element is missing end tag.
  Plugin: vite:vue
  File: /Users/zwd/Downloads/workplace/lxZhaopin/client/src/components/PlazaList.vue:3:5
  1  |  <template>
  2  |    <div class="plaza-list-container">
  3  |      <van-pull-refresh v-model="refreshing" @refresh="onRefresh">
     |       ^
  4  |        <!-- 分类过滤器 -->
  5  |        <div class="category-filter">
      at createCompilerError (/Users/zwd/Downloads/workplace/lxZhaopin/client/node_modules/@vue/compiler-core/dist/compiler-core.cjs.js:1364:17)
      at emitError (/Users/zwd/Downloads/workplace/lxZhaopin/client/node_modules/@vue/compiler-core/dist/compiler-core.cjs.js:2949:5)
      at Object.onclosetag (/Users/zwd/Downloads/workplace/lxZhaopin/client/node_modules/@vue/compiler-core/dist/compiler-core.cjs.js:2308:13)
      at Tokenizer.stateInClosingTagName (/Users/zwd/Downloads/workplace/lxZhaopin/client/node_modules/@vue/compiler-core/dist/compiler-core.cjs.js:785:16)
      at Tokenizer.parse (/Users/zwd/Downloads/workplace/lxZhaopin/client/node_modules/@vue/compiler-core/dist/compiler-core.cjs.js:1143:16)
      at Object.baseParse (/Users/zwd/Downloads/workplace/lxZhaopin/client/node_modules/@vue/compiler-core/dist/compiler-core.cjs.js:2988:13)
      at Object.parse (/Users/zwd/Downloads/workplace/lxZhaopin/client/node_modules/@vue/compiler-dom/dist/compiler-dom.cjs.js:907:23)
      at Object.parse$1 [as parse] (/Users/zwd/Downloads/workplace/lxZhaopin/client/node_modules/@vue/compiler-sfc/dist/compiler-sfc.cjs.js:1794:24)
      at createDescriptor (file:///Users/zwd/Downloads/workplace/lxZhaopin/client/node_modules/@vitejs/plugin-vue/dist/index.mjs:71:43)
      at handleHotUpdate (file:///Users/zwd/Downloads/workplace/lxZhaopin/client/node_modules/@vitejs/plugin-vue/dist/index.mjs:2198:26)
10:27:04 AM [vite] (client) hmr update /src/components/PlazaList.vue
10:27:04 AM [vite] Internal server error: Element is missing end tag.
  Plugin: vite:vue
  File: /Users/zwd/Downloads/workplace/lxZhaopin/client/src/components/PlazaList.vue:35:7
  33 |          <div class="empty-text">暂无{{ currentCategory ? (currentCategory === 'recruiting' ? '招人' : '找活') : '' }}信息</div>
  34 |        </div>
  35 |        <div v-else>
     |         ^
  36 |          <div class="plaza-card" v-for="(post, index) in plazaPosts" :key="index">
  37 |        <div class="card-header">
      at createCompilerError (/Users/zwd/Downloads/workplace/lxZhaopin/client/node_modules/@vue/compiler-core/dist/compiler-core.cjs.js:1364:17)
      at emitError (/Users/zwd/Downloads/workplace/lxZhaopin/client/node_modules/@vue/compiler-core/dist/compiler-core.cjs.js:2949:5)
      at Object.onclosetag (/Users/zwd/Downloads/workplace/lxZhaopin/client/node_modules/@vue/compiler-core/dist/compiler-core.cjs.js:2308:13)
      at Tokenizer.stateInClosingTagName (/Users/zwd/Downloads/workplace/lxZhaopin/client/node_modules/@vue/compiler-core/dist/compiler-core.cjs.js:785:16)
      at Tokenizer.parse (/Users/zwd/Downloads/workplace/lxZhaopin/client/node_modules/@vue/compiler-core/dist/compiler-core.cjs.js:1143:16)
      at Object.baseParse (/Users/zwd/Downloads/workplace/lxZhaopin/client/node_modules/@vue/compiler-core/dist/compiler-core.cjs.js:2988:13)
      at Object.parse (/Users/zwd/Downloads/workplace/lxZhaopin/client/node_modules/@vue/compiler-dom/dist/compiler-dom.cjs.js:907:23)
      at Object.parse$1 [as parse] (/Users/zwd/Downloads/workplace/lxZhaopin/client/node_modules/@vue/compiler-sfc/dist/compiler-sfc.cjs.js:1794:24)
      at createDescriptor (file:///Users/zwd/Downloads/workplace/lxZhaopin/client/node_modules/@vitejs/plugin-vue/dist/index.mjs:71:43)
      at handleHotUpdate (file:///Users/zwd/Downloads/workplace/lxZhaopin/client/node_modules/@vitejs/plugin-vue/dist/index.mjs:2198:26)
10:27:11 AM [vite] (client) hmr update /src/components/PlazaList.vue
10:27:11 AM [vite] Internal server error: Element is missing end tag.
  Plugin: vite:vue
  File: /Users/zwd/Downloads/workplace/lxZhaopin/client/src/components/PlazaList.vue:35:7
  33 |          <div class="empty-text">暂无{{ currentCategory ? (currentCategory === 'recruiting' ? '招人' : '找活') : '' }}信息</div>
  34 |        </div>
  35 |        <div v-else>
     |         ^
  36 |          <div class="plaza-card" v-for="(post, index) in plazaPosts" :key="index">
  37 |        <div class="card-header">
      at createCompilerError (/Users/zwd/Downloads/workplace/lxZhaopin/client/node_modules/@vue/compiler-core/dist/compiler-core.cjs.js:1364:17)
      at emitError (/Users/zwd/Downloads/workplace/lxZhaopin/client/node_modules/@vue/compiler-core/dist/compiler-core.cjs.js:2949:5)
      at Object.onclosetag (/Users/zwd/Downloads/workplace/lxZhaopin/client/node_modules/@vue/compiler-core/dist/compiler-core.cjs.js:2308:13)
      at Tokenizer.stateInClosingTagName (/Users/zwd/Downloads/workplace/lxZhaopin/client/node_modules/@vue/compiler-core/dist/compiler-core.cjs.js:785:16)
      at Tokenizer.parse (/Users/zwd/Downloads/workplace/lxZhaopin/client/node_modules/@vue/compiler-core/dist/compiler-core.cjs.js:1143:16)
      at Object.baseParse (/Users/zwd/Downloads/workplace/lxZhaopin/client/node_modules/@vue/compiler-core/dist/compiler-core.cjs.js:2988:13)
      at Object.parse (/Users/zwd/Downloads/workplace/lxZhaopin/client/node_modules/@vue/compiler-dom/dist/compiler-dom.cjs.js:907:23)
      at Object.parse$1 [as parse] (/Users/zwd/Downloads/workplace/lxZhaopin/client/node_modules/@vue/compiler-sfc/dist/compiler-sfc.cjs.js:1794:24)
      at createDescriptor (file:///Users/zwd/Downloads/workplace/lxZhaopin/client/node_modules/@vitejs/plugin-vue/dist/index.mjs:71:43)
      at handleHotUpdate (file:///Users/zwd/Downloads/workplace/lxZhaopin/client/node_modules/@vitejs/plugin-vue/dist/index.mjs:2198:26)
10:27:17 AM [vite] (client) hmr update /src/components/PlazaList.vue
10:27:17 AM [vite] Internal server error: Element is missing end tag.
  Plugin: vite:vue
  File: /Users/zwd/Downloads/workplace/lxZhaopin/client/src/components/PlazaList.vue:35:7
  33 |          <div class="empty-text">暂无{{ currentCategory ? (currentCategory === 'recruiting' ? '招人' : '找活') : '' }}信息</div>
  34 |        </div>
  35 |        <div v-else>
     |         ^
  36 |          <div class="plaza-card" v-for="(post, index) in plazaPosts" :key="index">
  37 |        <div class="card-header">
      at createCompilerError (/Users/zwd/Downloads/workplace/lxZhaopin/client/node_modules/@vue/compiler-core/dist/compiler-core.cjs.js:1364:17)
      at emitError (/Users/zwd/Downloads/workplace/lxZhaopin/client/node_modules/@vue/compiler-core/dist/compiler-core.cjs.js:2949:5)
      at Object.onclosetag (/Users/zwd/Downloads/workplace/lxZhaopin/client/node_modules/@vue/compiler-core/dist/compiler-core.cjs.js:2308:13)
      at Tokenizer.stateInClosingTagName (/Users/zwd/Downloads/workplace/lxZhaopin/client/node_modules/@vue/compiler-core/dist/compiler-core.cjs.js:785:16)
      at Tokenizer.parse (/Users/zwd/Downloads/workplace/lxZhaopin/client/node_modules/@vue/compiler-core/dist/compiler-core.cjs.js:1143:16)
      at Object.baseParse (/Users/zwd/Downloads/workplace/lxZhaopin/client/node_modules/@vue/compiler-core/dist/compiler-core.cjs.js:2988:13)
      at Object.parse (/Users/zwd/Downloads/workplace/lxZhaopin/client/node_modules/@vue/compiler-dom/dist/compiler-dom.cjs.js:907:23)
      at Object.parse$1 [as parse] (/Users/zwd/Downloads/workplace/lxZhaopin/client/node_modules/@vue/compiler-sfc/dist/compiler-sfc.cjs.js:1794:24)
      at createDescriptor (file:///Users/zwd/Downloads/workplace/lxZhaopin/client/node_modules/@vitejs/plugin-vue/dist/index.mjs:71:43)
      at handleHotUpdate (file:///Users/zwd/Downloads/workplace/lxZhaopin/client/node_modules/@vitejs/plugin-vue/dist/index.mjs:2198:26)
10:27:31 AM [vite] (client) hmr update /src/components/PlazaList.vue
10:27:31 AM [vite] Internal server error: Element is missing end tag.
  Plugin: vite:vue
  File: /Users/zwd/Downloads/workplace/lxZhaopin/client/src/components/PlazaList.vue:3:5
  1  |  <template>
  2  |    <div class="plaza-list-container">
  3  |      <van-pull-refresh v-model="refreshing" @refresh="onRefresh">
     |       ^
  4  |        <!-- 分类过滤器 -->
  5  |        <div class="category-filter">
      at createCompilerError (/Users/zwd/Downloads/workplace/lxZhaopin/client/node_modules/@vue/compiler-core/dist/compiler-core.cjs.js:1364:17)
      at emitError (/Users/zwd/Downloads/workplace/lxZhaopin/client/node_modules/@vue/compiler-core/dist/compiler-core.cjs.js:2949:5)
      at Object.onclosetag (/Users/zwd/Downloads/workplace/lxZhaopin/client/node_modules/@vue/compiler-core/dist/compiler-core.cjs.js:2308:13)
      at Tokenizer.stateInClosingTagName (/Users/zwd/Downloads/workplace/lxZhaopin/client/node_modules/@vue/compiler-core/dist/compiler-core.cjs.js:785:16)
      at Tokenizer.parse (/Users/zwd/Downloads/workplace/lxZhaopin/client/node_modules/@vue/compiler-core/dist/compiler-core.cjs.js:1143:16)
      at Object.baseParse (/Users/zwd/Downloads/workplace/lxZhaopin/client/node_modules/@vue/compiler-core/dist/compiler-core.cjs.js:2988:13)
      at Object.parse (/Users/zwd/Downloads/workplace/lxZhaopin/client/node_modules/@vue/compiler-dom/dist/compiler-dom.cjs.js:907:23)
      at Object.parse$1 [as parse] (/Users/zwd/Downloads/workplace/lxZhaopin/client/node_modules/@vue/compiler-sfc/dist/compiler-sfc.cjs.js:1794:24)
      at createDescriptor (file:///Users/zwd/Downloads/workplace/lxZhaopin/client/node_modules/@vitejs/plugin-vue/dist/index.mjs:71:43)
      at handleHotUpdate (file:///Users/zwd/Downloads/workplace/lxZhaopin/client/node_modules/@vitejs/plugin-vue/dist/index.mjs:2198:26)
10:27:40 AM [vite] (client) hmr update /src/components/TalentList.vue
10:27:40 AM [vite] Internal server error: Element is missing end tag.
  Plugin: vite:vue
  File: /Users/zwd/Downloads/workplace/lxZhaopin/client/src/components/TalentList.vue:3:5
  1  |  <template>
  2  |    <div class="talent-list-container">
  3  |      <van-pull-refresh v-model="refreshing" @refresh="onRefresh">
     |       ^
  4  |        <div v-if="loading && !refreshing" class="loading-container">
  5  |          <div class="loading-text">加载中...</div>
      at createCompilerError (/Users/zwd/Downloads/workplace/lxZhaopin/client/node_modules/@vue/compiler-core/dist/compiler-core.cjs.js:1364:17)
      at emitError (/Users/zwd/Downloads/workplace/lxZhaopin/client/node_modules/@vue/compiler-core/dist/compiler-core.cjs.js:2949:5)
      at Object.onclosetag (/Users/zwd/Downloads/workplace/lxZhaopin/client/node_modules/@vue/compiler-core/dist/compiler-core.cjs.js:2308:13)
      at Tokenizer.stateInClosingTagName (/Users/zwd/Downloads/workplace/lxZhaopin/client/node_modules/@vue/compiler-core/dist/compiler-core.cjs.js:785:16)
      at Tokenizer.parse (/Users/zwd/Downloads/workplace/lxZhaopin/client/node_modules/@vue/compiler-core/dist/compiler-core.cjs.js:1143:16)
      at Object.baseParse (/Users/zwd/Downloads/workplace/lxZhaopin/client/node_modules/@vue/compiler-core/dist/compiler-core.cjs.js:2988:13)
      at Object.parse (/Users/zwd/Downloads/workplace/lxZhaopin/client/node_modules/@vue/compiler-dom/dist/compiler-dom.cjs.js:907:23)
      at Object.parse$1 [as parse] (/Users/zwd/Downloads/workplace/lxZhaopin/client/node_modules/@vue/compiler-sfc/dist/compiler-sfc.cjs.js:1794:24)
      at createDescriptor (file:///Users/zwd/Downloads/workplace/lxZhaopin/client/node_modules/@vitejs/plugin-vue/dist/index.mjs:71:43)
      at handleHotUpdate (file:///Users/zwd/Downloads/workplace/lxZhaopin/client/node_modules/@vitejs/plugin-vue/dist/index.mjs:2198:26)
10:27:51 AM [vite] (client) hmr update /src/components/TalentList.vue
10:27:59 AM [vite] (client) hmr update /src/components/TalentList.vue
10:27:59 AM [vite] (client) Pre-transform error: Element is missing end tag.
  Plugin: vite:vue
  File: /Users/zwd/Downloads/workplace/lxZhaopin/client/src/components/PlazaList.vue:3:5
  1  |  <template>
  2  |    <div class="plaza-list-container">
  3  |      <van-pull-refresh v-model="refreshing" @refresh="onRefresh">
     |       ^
  4  |        <!-- 分类过滤器 -->
  5  |        <div class="category-filter">
10:27:59 AM [vite] Internal server error: Element is missing end tag.
  Plugin: vite:vue
  File: /Users/zwd/Downloads/workplace/lxZhaopin/client/src/components/PlazaList.vue:3:5
  1  |  <template>
  2  |    <div class="plaza-list-container">
  3  |      <van-pull-refresh v-model="refreshing" @refresh="onRefresh">
     |       ^
  4  |        <!-- 分类过滤器 -->
  5  |        <div class="category-filter">
      at createCompilerError (/Users/zwd/Downloads/workplace/lxZhaopin/client/node_modules/@vue/compiler-core/dist/compiler-core.cjs.js:1364:17)
      at emitError (/Users/zwd/Downloads/workplace/lxZhaopin/client/node_modules/@vue/compiler-core/dist/compiler-core.cjs.js:2949:5)
      at Object.onclosetag (/Users/zwd/Downloads/workplace/lxZhaopin/client/node_modules/@vue/compiler-core/dist/compiler-core.cjs.js:2308:13)
      at Tokenizer.stateInClosingTagName (/Users/zwd/Downloads/workplace/lxZhaopin/client/node_modules/@vue/compiler-core/dist/compiler-core.cjs.js:785:16)
      at Tokenizer.parse (/Users/zwd/Downloads/workplace/lxZhaopin/client/node_modules/@vue/compiler-core/dist/compiler-core.cjs.js:1143:16)
      at Object.baseParse (/Users/zwd/Downloads/workplace/lxZhaopin/client/node_modules/@vue/compiler-core/dist/compiler-core.cjs.js:2988:13)
      at Object.parse (/Users/zwd/Downloads/workplace/lxZhaopin/client/node_modules/@vue/compiler-dom/dist/compiler-dom.cjs.js:907:23)
      at Object.parse$1 [as parse] (/Users/zwd/Downloads/workplace/lxZhaopin/client/node_modules/@vue/compiler-sfc/dist/compiler-sfc.cjs.js:1794:24)
      at createDescriptor (file:///Users/zwd/Downloads/workplace/lxZhaopin/client/node_modules/@vitejs/plugin-vue/dist/index.mjs:71:43)
      at handleHotUpdate (file:///Users/zwd/Downloads/workplace/lxZhaopin/client/node_modules/@vitejs/plugin-vue/dist/index.mjs:2198:26)
10:28:09 AM [vite] (client) hmr update /src/components/TalentList.vue
10:28:09 AM [vite] (client) Pre-transform error: Element is missing end tag.
  Plugin: vite:vue
  File: /Users/zwd/Downloads/workplace/lxZhaopin/client/src/components/PlazaList.vue:3:5
  1  |  <template>
  2  |    <div class="plaza-list-container">
  3  |      <van-pull-refresh v-model="refreshing" @refresh="onRefresh">
     |       ^
  4  |        <!-- 分类过滤器 -->
  5  |        <div class="category-filter">
10:28:09 AM [vite] Internal server error: Element is missing end tag.
  Plugin: vite:vue
  File: /Users/zwd/Downloads/workplace/lxZhaopin/client/src/components/PlazaList.vue:3:5
  1  |  <template>
  2  |    <div class="plaza-list-container">
  3  |      <van-pull-refresh v-model="refreshing" @refresh="onRefresh">
     |       ^
  4  |        <!-- 分类过滤器 -->
  5  |        <div class="category-filter">
      at createCompilerError (/Users/zwd/Downloads/workplace/lxZhaopin/client/node_modules/@vue/compiler-core/dist/compiler-core.cjs.js:1364:17)
      at emitError (/Users/zwd/Downloads/workplace/lxZhaopin/client/node_modules/@vue/compiler-core/dist/compiler-core.cjs.js:2949:5)
      at Object.onclosetag (/Users/zwd/Downloads/workplace/lxZhaopin/client/node_modules/@vue/compiler-core/dist/compiler-core.cjs.js:2308:13)
      at Tokenizer.stateInClosingTagName (/Users/zwd/Downloads/workplace/lxZhaopin/client/node_modules/@vue/compiler-core/dist/compiler-core.cjs.js:785:16)
      at Tokenizer.parse (/Users/zwd/Downloads/workplace/lxZhaopin/client/node_modules/@vue/compiler-core/dist/compiler-core.cjs.js:1143:16)
      at Object.baseParse (/Users/zwd/Downloads/workplace/lxZhaopin/client/node_modules/@vue/compiler-core/dist/compiler-core.cjs.js:2988:13)
      at Object.parse (/Users/zwd/Downloads/workplace/lxZhaopin/client/node_modules/@vue/compiler-dom/dist/compiler-dom.cjs.js:907:23)
      at Object.parse$1 [as parse] (/Users/zwd/Downloads/workplace/lxZhaopin/client/node_modules/@vue/compiler-sfc/dist/compiler-sfc.cjs.js:1794:24)
      at createDescriptor (file:///Users/zwd/Downloads/workplace/lxZhaopin/client/node_modules/@vitejs/plugin-vue/dist/index.mjs:71:43)
      at handleHotUpdate (file:///Users/zwd/Downloads/workplace/lxZhaopin/client/node_modules/@vitejs/plugin-vue/dist/index.mjs:2198:26)
10:28:15 AM [vite] (client) hmr update /src/components/TalentList.vue
10:28:15 AM [vite] (client) Pre-transform error: Element is missing end tag.
  Plugin: vite:vue
  File: /Users/zwd/Downloads/workplace/lxZhaopin/client/src/components/PlazaList.vue:3:5
  1  |  <template>
  2  |    <div class="plaza-list-container">
  3  |      <van-pull-refresh v-model="refreshing" @refresh="onRefresh">
     |       ^
  4  |        <!-- 分类过滤器 -->
  5  |        <div class="category-filter">
10:28:15 AM [vite] Internal server error: Element is missing end tag.
  Plugin: vite:vue
  File: /Users/zwd/Downloads/workplace/lxZhaopin/client/src/components/PlazaList.vue:3:5
  1  |  <template>
  2  |    <div class="plaza-list-container">
  3  |      <van-pull-refresh v-model="refreshing" @refresh="onRefresh">
     |       ^
  4  |        <!-- 分类过滤器 -->
  5  |        <div class="category-filter">
      at createCompilerError (/Users/zwd/Downloads/workplace/lxZhaopin/client/node_modules/@vue/compiler-core/dist/compiler-core.cjs.js:1364:17)
      at emitError (/Users/zwd/Downloads/workplace/lxZhaopin/client/node_modules/@vue/compiler-core/dist/compiler-core.cjs.js:2949:5)
      at Object.onclosetag (/Users/zwd/Downloads/workplace/lxZhaopin/client/node_modules/@vue/compiler-core/dist/compiler-core.cjs.js:2308:13)
      at Tokenizer.stateInClosingTagName (/Users/zwd/Downloads/workplace/lxZhaopin/client/node_modules/@vue/compiler-core/dist/compiler-core.cjs.js:785:16)
      at Tokenizer.parse (/Users/zwd/Downloads/workplace/lxZhaopin/client/node_modules/@vue/compiler-core/dist/compiler-core.cjs.js:1143:16)
      at Object.baseParse (/Users/zwd/Downloads/workplace/lxZhaopin/client/node_modules/@vue/compiler-core/dist/compiler-core.cjs.js:2988:13)
      at Object.parse (/Users/zwd/Downloads/workplace/lxZhaopin/client/node_modules/@vue/compiler-dom/dist/compiler-dom.cjs.js:907:23)
      at Object.parse$1 [as parse] (/Users/zwd/Downloads/workplace/lxZhaopin/client/node_modules/@vue/compiler-sfc/dist/compiler-sfc.cjs.js:1794:24)
      at createDescriptor (file:///Users/zwd/Downloads/workplace/lxZhaopin/client/node_modules/@vitejs/plugin-vue/dist/index.mjs:71:43)
      at handleHotUpdate (file:///Users/zwd/Downloads/workplace/lxZhaopin/client/node_modules/@vitejs/plugin-vue/dist/index.mjs:2198:26)
10:28:56 AM [vite] (client) hmr update /src/components/PlazaList.vue
10:29:51 AM [vite] (client) hmr update /src/components/JobCard.vue
10:30:07 AM [vite] (client) hmr update /src/components/JobList.vue
10:30:15 AM [vite] (client) hmr update /src/components/TalentList.vue
10:30:31 AM [vite] (client) page reload src/main.js
10:30:31 AM [vite] (client) page reload src/main.js
10:30:38 AM [vite] (client) page reload src/main.js
10:30:39 AM [vite] (client) page reload src/main.js
